<?xml version="1.0" encoding="UTF-8"?>
<!-- Generated by org.testng.reporters.JUnitXMLReporter -->
<testsuite hostname="DESKTOP-13M25QP" ignored="0" name="Default test" tests="3" failures="0" timestamp="2020-09-05T23:55:53 IST" time="27.533" errors="0">
  <testcase name="loginPageTitleTest" time="0.023" classname="com.datagov.qa.tcs.LoginPageTest"/>
  <testcase name="authLogoImageTest" time="0.059" classname="com.datagov.qa.tcs.LoginPageTest"/>
  <testcase name="loginTest" time="0.421" classname="com.datagov.qa.tcs.LoginPageTest"/>
</testsuite> <!-- Default test -->
