<?xml version="1.0" encoding="UTF-8"?>
<testng-results skipped="0" failed="0" ignored="0" total="3" passed="3">
  <reporter-output>
  </reporter-output>
  <suite name="Default suite" duration-ms="27533" started-at="2020-09-05T23:55:26 IST" finished-at="2020-09-05T23:55:53 IST">
    <groups>
    </groups>
    <test name="Default test" duration-ms="27533" started-at="2020-09-05T23:55:26 IST" finished-at="2020-09-05T23:55:53 IST">
      <class name="com.datagov.qa.tcs.LoginPageTest">
        <test-method status="PASS" signature="setUp()[pri:0, instance:com.datagov.qa.tcs.LoginPageTest@64729b1e]" name="setUp" is-config="true" duration-ms="8898" started-at="2020-09-05T23:55:26 IST" finished-at="2020-09-05T23:55:35 IST">
          <reporter-output>
          </reporter-output>
        </test-method> <!-- setUp -->
        <test-method status="PASS" signature="loginPageTitleTest()[pri:1, instance:com.datagov.qa.tcs.LoginPageTest@64729b1e]" name="loginPageTitleTest" duration-ms="23" started-at="2020-09-05T23:55:35 IST" finished-at="2020-09-05T23:55:35 IST">
          <reporter-output>
          </reporter-output>
        </test-method> <!-- loginPageTitleTest -->
        <test-method status="PASS" signature="tearDown()[pri:0, instance:com.datagov.qa.tcs.LoginPageTest@64729b1e]" name="tearDown" is-config="true" duration-ms="607" started-at="2020-09-05T23:55:35 IST" finished-at="2020-09-05T23:55:35 IST">
          <reporter-output>
          </reporter-output>
        </test-method> <!-- tearDown -->
        <test-method status="PASS" signature="setUp()[pri:0, instance:com.datagov.qa.tcs.LoginPageTest@64729b1e]" name="setUp" is-config="true" duration-ms="8242" started-at="2020-09-05T23:55:35 IST" finished-at="2020-09-05T23:55:43 IST">
          <reporter-output>
          </reporter-output>
        </test-method> <!-- setUp -->
        <test-method status="PASS" signature="authLogoImageTest()[pri:2, instance:com.datagov.qa.tcs.LoginPageTest@64729b1e]" name="authLogoImageTest" duration-ms="59" started-at="2020-09-05T23:55:43 IST" finished-at="2020-09-05T23:55:43 IST">
          <reporter-output>
          </reporter-output>
        </test-method> <!-- authLogoImageTest -->
        <test-method status="PASS" signature="tearDown()[pri:0, instance:com.datagov.qa.tcs.LoginPageTest@64729b1e]" name="tearDown" is-config="true" duration-ms="623" started-at="2020-09-05T23:55:43 IST" finished-at="2020-09-05T23:55:44 IST">
          <reporter-output>
          </reporter-output>
        </test-method> <!-- tearDown -->
        <test-method status="PASS" signature="setUp()[pri:0, instance:com.datagov.qa.tcs.LoginPageTest@64729b1e]" name="setUp" is-config="true" duration-ms="8018" started-at="2020-09-05T23:55:44 IST" finished-at="2020-09-05T23:55:52 IST">
          <reporter-output>
          </reporter-output>
        </test-method> <!-- setUp -->
        <test-method status="PASS" signature="loginTest()[pri:3, instance:com.datagov.qa.tcs.LoginPageTest@64729b1e]" name="loginTest" duration-ms="421" started-at="2020-09-05T23:55:52 IST" finished-at="2020-09-05T23:55:53 IST">
          <reporter-output>
          </reporter-output>
        </test-method> <!-- loginTest -->
        <test-method status="PASS" signature="tearDown()[pri:0, instance:com.datagov.qa.tcs.LoginPageTest@64729b1e]" name="tearDown" is-config="true" duration-ms="605" started-at="2020-09-05T23:55:53 IST" finished-at="2020-09-05T23:55:53 IST">
          <reporter-output>
          </reporter-output>
        </test-method> <!-- tearDown -->
      </class> <!-- com.datagov.qa.tcs.LoginPageTest -->
    </test> <!-- Default test -->
  </suite> <!-- Default suite -->
</testng-results>
